0 info it worked if it ends with ok
1 verbose cli [ '/usr/local/Cellar/node/5.0.0/bin/node',
1 verbose cli   '/usr/local/bin/npm',
1 verbose cli   'start' ]
2 info using npm@3.3.9
3 info using node@v5.0.0
4 verbose run-script [ 'prestart', 'start', 'poststart' ]
5 info lifecycle ratchet-v2-provider-desktop@0.0.0~prestart: ratchet-v2-provider-desktop@0.0.0
6 silly lifecycle ratchet-v2-provider-desktop@0.0.0~prestart: no script for prestart, continuing
7 info lifecycle ratchet-v2-provider-desktop@0.0.0~start: ratchet-v2-provider-desktop@0.0.0
8 verbose lifecycle ratchet-v2-provider-desktop@0.0.0~start: unsafe-perm in lifecycle true
9 verbose lifecycle ratchet-v2-provider-desktop@0.0.0~start: PATH: /usr/local/lib/node_modules/npm/bin/node-gyp-bin:/Users/thomas/Workspace/ratchet-client/node_modules/.bin:/opt/local/sbin:/opt/local/bin:/Users/thomas/.gvm/bin:/Library/Java/JavaVirtualMachines/jdk1.8.0_25.jdk/Contents/Home/bin:/Users/thomas/.gvm/bin:/opt/local/bin:/opt/local/sbin:/Library/Java/JavaVirtualMachines/jdk1.8.0_25.jdk/Contents/Home/bin:.;/usr/local/bin:/usr/bin:/bin:/usr/sbin:/sbin:/usr/local/git/bin:/Library/Java/JavaVirtualMachines/jdk1.6.0_65.jdk/Contents/Home//bin:/bin:/Users/thomas/gradle-2.7/bin:/Users/thomas/groovy-2.4.5/bin:/usr/local/git/bin:/usr/local/bin:/Users/thomas/jruby-1.7.0/bin:/Users/thomas/grails-2.4.4/bin:/Users/thomas/.rvm/bin
10 verbose lifecycle ratchet-v2-provider-desktop@0.0.0~start: CWD: /Users/thomas/Workspace/ratchet-client
11 silly lifecycle ratchet-v2-provider-desktop@0.0.0~start: Args: [ '-c', 'gulp live' ]
12 silly lifecycle ratchet-v2-provider-desktop@0.0.0~start: Returned: code: 1  signal: null
13 info lifecycle ratchet-v2-provider-desktop@0.0.0~start: Failed to exec start script
14 verbose stack Error: ratchet-v2-provider-desktop@0.0.0 start: `gulp live`
14 verbose stack Exit status 1
14 verbose stack     at EventEmitter.<anonymous> (/usr/local/lib/node_modules/npm/lib/utils/lifecycle.js:233:16)
14 verbose stack     at emitTwo (events.js:87:13)
14 verbose stack     at EventEmitter.emit (events.js:172:7)
14 verbose stack     at ChildProcess.<anonymous> (/usr/local/lib/node_modules/npm/lib/utils/spawn.js:24:14)
14 verbose stack     at emitTwo (events.js:87:13)
14 verbose stack     at ChildProcess.emit (events.js:172:7)
14 verbose stack     at maybeClose (internal/child_process.js:818:16)
14 verbose stack     at Process.ChildProcess._handle.onexit (internal/child_process.js:211:5)
15 verbose pkgid ratchet-v2-provider-desktop@0.0.0
16 verbose cwd /Users/thomas/Workspace/ratchet-client
17 error Darwin 15.0.0
18 error argv "/usr/local/Cellar/node/5.0.0/bin/node" "/usr/local/bin/npm" "start"
19 error node v5.0.0
20 error npm  v3.3.9
21 error code ELIFECYCLE
22 error ratchet-v2-provider-desktop@0.0.0 start: `gulp live`
22 error Exit status 1
23 error Failed at the ratchet-v2-provider-desktop@0.0.0 start script 'gulp live'.
23 error This is most likely a problem with the ratchet-v2-provider-desktop package,
23 error not with npm itself.
23 error Tell the author that this fails on your system:
23 error     gulp live
23 error You can get their info via:
23 error     npm owner ls ratchet-v2-provider-desktop
23 error There is likely additional logging output above.
24 verbose exit [ 1, true ]
